This is pdfTeX, Version 3.141592653-2.6-1.40.27 (TeX Live 2025) (preloaded format=pdflatex)
 restricted \write18 enabled.
entering extended mode
(./conformal-gating.tex
LaTeX2e <2024-11-01> patch level 2
L3 programming layer <2025-01-18>
(./cas-dc.cls
Document Class: cas-dc 2024/05/04, 2.4: Formatting class for CAS double column 
articles
(/usr/local/texlive/2025basic/texmf-dist/tex/latex/base/article.cls
Document Class: article 2024/06/29 v1.4n Standard LaTeX document class
(/usr/local/texlive/2025basic/texmf-dist/tex/latex/base/fleqn.clo)
(/usr/local/texlive/2025basic/texmf-dist/tex/latex/base/size10.clo))
(/usr/local/texlive/2025basic/texmf-dist/tex/latex/graphics/graphicx.sty
(/usr/local/texlive/2025basic/texmf-dist/tex/latex/graphics/keyval.sty)
(/usr/local/texlive/2025basic/texmf-dist/tex/latex/graphics/graphics.sty
(/usr/local/texlive/2025basic/texmf-dist/tex/latex/graphics/trig.sty)
(/usr/local/texlive/2025basic/texmf-dist/tex/latex/graphics-cfg/graphics.cfg)
(/usr/local/texlive/2025basic/texmf-dist/tex/latex/graphics-def/pdftex.def)))
(/usr/local/texlive/2025basic/texmf-dist/tex/latex/amsmath/amsmath.sty
For additional information on amsmath, use the `?' option.
(/usr/local/texlive/2025basic/texmf-dist/tex/latex/amsmath/amstext.sty
(/usr/local/texlive/2025basic/texmf-dist/tex/latex/amsmath/amsgen.sty))
(/usr/local/texlive/2025basic/texmf-dist/tex/latex/amsmath/amsbsy.sty)
(/usr/local/texlive/2025basic/texmf-dist/tex/latex/amsmath/amsopn.sty))
(/usr/local/texlive/2025basic/texmf-dist/tex/latex/amsfonts/amsfonts.sty)
(/usr/local/texlive/2025basic/texmf-dist/tex/latex/amsfonts/amssymb.sty)
(/usr/local/texlive/2025basic/texmf-dist/tex/latex/l3kernel/expl3.sty
(/usr/local/texlive/2025basic/texmf-dist/tex/latex/l3backend/l3backend-pdftex.d
ef))
(/usr/local/texlive/2025basic/texmf-dist/tex/latex/l3packages/xparse/xparse.sty
) (/Users/arif/Library/texmf/tex/latex/etoolbox/etoolbox.sty)
(/Users/arif/Library/texmf/tex/latex/preprint/balance.sty)
(/Users/arif/Library/texmf/tex/latex/booktabs/booktabs.sty)
(/Users/arif/Library/texmf/tex/latex/makecell/makecell.sty
(/usr/local/texlive/2025basic/texmf-dist/tex/latex/tools/array.sty))
(/Users/arif/Library/texmf/tex/latex/multirow/multirow.sty)
(/Users/arif/Library/texmf/tex/latex/colortbl/colortbl.sty
(/usr/local/texlive/2025basic/texmf-dist/tex/latex/graphics/color.sty
(/usr/local/texlive/2025basic/texmf-dist/tex/latex/graphics-cfg/color.cfg)
(/usr/local/texlive/2025basic/texmf-dist/tex/latex/graphics/mathcolor.ltx)))
(/usr/local/texlive/2025basic/texmf-dist/tex/latex/tools/dcolumn.sty)
(/Users/arif/Library/texmf/tex/latex/sttools/stfloats.sty)
(/usr/local/texlive/2025basic/texmf-dist/tex/latex/tools/xspace.sty)
(/Users/arif/Library/texmf/tex/generic/xstring/xstring.sty
(/Users/arif/Library/texmf/tex/generic/xstring/xstring.tex))
(/Users/arif/Library/texmf/tex/latex/footmisc/footmisc.sty
(/Users/arif/Library/texmf/tex/latex/footmisc/footmisc-2022-02-14.sty))
(/Users/arif/Library/texmf/tex/latex/xcolor/xcolor.sty
(/usr/local/texlive/2025basic/texmf-dist/tex/latex/graphics-cfg/color.cfg)
(/usr/local/texlive/2025basic/texmf-dist/tex/latex/graphics/mathcolor.ltx))
(/Users/arif/Library/texmf/tex/latex/xcolor/svgnam.def)
(/usr/local/texlive/2025basic/texmf-dist/tex/latex/graphics/dvipsnam.def)
(/usr/local/texlive/2025basic/texmf-dist/tex/latex/hyperref/hyperref.sty
(/usr/local/texlive/2025basic/texmf-dist/tex/generic/iftex/iftex.sty)
(/usr/local/texlive/2025basic/texmf-dist/tex/latex/kvsetkeys/kvsetkeys.sty)
(/usr/local/texlive/2025basic/texmf-dist/tex/generic/kvdefinekeys/kvdefinekeys.
sty)
(/usr/local/texlive/2025basic/texmf-dist/tex/generic/pdfescape/pdfescape.sty
(/usr/local/texlive/2025basic/texmf-dist/tex/generic/ltxcmds/ltxcmds.sty)
(/usr/local/texlive/2025basic/texmf-dist/tex/generic/pdftexcmds/pdftexcmds.sty
(/Users/arif/Library/texmf/tex/generic/infwarerr/infwarerr.sty)))
(/usr/local/texlive/2025basic/texmf-dist/tex/latex/hycolor/hycolor.sty)
(/usr/local/texlive/2025basic/texmf-dist/tex/latex/hyperref/nameref.sty
(/usr/local/texlive/2025basic/texmf-dist/tex/latex/refcount/refcount.sty)
(/usr/local/texlive/2025basic/texmf-dist/tex/generic/gettitlestring/gettitlestr
ing.sty
(/usr/local/texlive/2025basic/texmf-dist/tex/latex/kvoptions/kvoptions.sty)))
(/usr/local/texlive/2025basic/texmf-dist/tex/generic/stringenc/stringenc.sty)
(/usr/local/texlive/2025basic/texmf-dist/tex/latex/hyperref/pd1enc.def)
(/usr/local/texlive/2025basic/texmf-dist/tex/generic/intcalc/intcalc.sty)
(/usr/local/texlive/2025basic/texmf-dist/tex/latex/hyperref/puenc.def)
(/usr/local/texlive/2025basic/texmf-dist/tex/latex/url/url.sty)
(/usr/local/texlive/2025basic/texmf-dist/tex/generic/bitset/bitset.sty
(/usr/local/texlive/2025basic/texmf-dist/tex/generic/bigintcalc/bigintcalc.sty)
) (/usr/local/texlive/2025basic/texmf-dist/tex/latex/base/atbegshi-ltx.sty))
(/usr/local/texlive/2025basic/texmf-dist/tex/latex/hyperref/hpdftex.def
(/usr/local/texlive/2025basic/texmf-dist/tex/latex/base/atveryend-ltx.sty)
(/usr/local/texlive/2025basic/texmf-dist/tex/latex/rerunfilecheck/rerunfilechec
k.sty
(/usr/local/texlive/2025basic/texmf-dist/tex/generic/uniquecounter/uniquecounte
r.sty))) (./cas-common.sty
(/Users/arif/Library/texmf/tex/latex/moreverb/moreverb.sty
(/usr/local/texlive/2025basic/texmf-dist/tex/latex/tools/verbatim.sty))
(/Users/arif/Library/texmf/tex/latex/wrapfig/wrapfig.sty))
(/usr/local/texlive/2025basic/texmf-dist/tex/latex/base/fontenc.sty)
(/Users/arif/Library/texmf/tex/latex/stix/stix.sty
(/usr/local/texlive/2025basic/texmf-dist/tex/latex/base/textcomp.sty))
(/Users/arif/Library/texmf/tex/latex/inconsolata/inconsolata.sty
`inconsolata-zi4' v1.12, 2019/05/17 Text macros for Inconsolata (msharpe)
(/Users/arif/Library/texmf/tex/latex/xkeyval/xkeyval.sty
(/Users/arif/Library/texmf/tex/generic/xkeyval/xkeyval.tex
(/Users/arif/Library/texmf/tex/generic/xkeyval/xkvutils.tex))))
(/usr/local/texlive/2025basic/texmf-dist/tex/latex/geometry/geometry.sty
(/usr/local/texlive/2025basic/texmf-dist/tex/generic/iftex/ifvtex.sty)))
(/usr/local/texlive/2025basic/texmf-dist/tex/latex/natbib/natbib.sty)

! LaTeX Error: File `placeins.sty' not found.

Type X to quit or <RETURN> to proceed,
or enter new name. (Default extension: sty)

Enter file name: 
! Emergency stop.
<read *> 
         
l.10 ^^M
        
!  ==> Fatal error occurred, no output PDF file produced!
Transcript written on conformal-gating.log.
